<?xml version="1.0" encoding="UTF-8"?>
<!-- Generated by org.testng.reporters.JUnitReportReporter -->
<testsuite hostname="DESKTOP-0UQGQ37" failures="0" tests="2" name="com.qa.api.tests.GET.GETAPICall" time="0.912" errors="0" timestamp="2024-08-21T09:39:27 IST" skipped="0">
  <testcase classname="com.qa.api.tests.GET.GETAPICall" name="getUserApiTest" time="0.148"/>
  <testcase classname="com.qa.api.tests.GET.GETAPICall" name="getUserAndValidateHeaderApiTest" time="0.764"/>
</testsuite> <!-- com.qa.api.tests.GET.GETAPICall -->
