<?xml version="1.0" encoding="UTF-8"?>
<!-- Generated by org.testng.reporters.JUnitReportReporter -->
<testsuite hostname="DESKTOP-0UQGQ37" failures="0" tests="1" name="com.qa.api.tests.GET.APIResponseHeadersTest" time="0.199" errors="0" timestamp="2024-08-21T09:39:27 IST" skipped="0">
  <testcase classname="com.qa.api.tests.GET.APIResponseHeadersTest" name="getHeadersTest" time="0.199"/>
</testsuite> <!-- com.qa.api.tests.GET.APIResponseHeadersTest -->
