<?xml version="1.0" encoding="UTF-8"?>
<testsuite xmlns:xsi="http://www.w3.org/2001/XMLSchema-instance" xsi:noNamespaceSchemaLocation="https://maven.apache.org/surefire/maven-surefire-plugin/xsd/surefire-test-report.xsd" version="3.0.2" name="TestSuite" time="29.01" tests="4" errors="0" skipped="0" failures="0">
  <properties>
    <property name="java.specification.version" value="22"/>
    <property name="sun.cpu.isalist" value="amd64"/>
    <property name="sun.jnu.encoding" value="Cp1252"/>
    <property name="java.class.path" value="G:\Eclipse_Workspace\Branch\Playwright-Java-API-Testing-main\target\test-classes;G:\Eclipse_Workspace\Branch\Playwright-Java-API-Testing-main\target\classes;C:\Users\Deep &apos;Nath&apos; Bagchi\.m2\repository\com\microsoft\playwright\playwright\1.32.0\playwright-1.32.0.jar;C:\Users\Deep &apos;Nath&apos; Bagchi\.m2\repository\org\opentest4j\opentest4j\1.2.0\opentest4j-1.2.0.jar;C:\Users\Deep &apos;Nath&apos; Bagchi\.m2\repository\com\microsoft\playwright\driver\1.32.0\driver-1.32.0.jar;C:\Users\Deep &apos;Nath&apos; Bagchi\.m2\repository\com\microsoft\playwright\driver-bundle\1.32.0\driver-bundle-1.32.0.jar;C:\Users\Deep &apos;Nath&apos; Bagchi\.m2\repository\org\testng\testng\7.0.0\testng-7.0.0.jar;C:\Users\Deep &apos;Nath&apos; Bagchi\.m2\repository\com\beust\jcommander\1.72\jcommander-1.72.jar;C:\Users\Deep &apos;Nath&apos; Bagchi\.m2\repository\com\fasterxml\jackson\core\jackson-databind\2.14.2\jackson-databind-2.14.2.jar;C:\Users\Deep &apos;Nath&apos; Bagchi\.m2\repository\com\fasterxml\jackson\core\jackson-annotations\2.14.2\jackson-annotations-2.14.2.jar;C:\Users\Deep &apos;Nath&apos; Bagchi\.m2\repository\com\fasterxml\jackson\core\jackson-core\2.14.2\jackson-core-2.14.2.jar;C:\Users\Deep &apos;Nath&apos; Bagchi\.m2\repository\org\projectlombok\lombok\1.18.26\lombok-1.18.26.jar;C:\Users\Deep &apos;Nath&apos; Bagchi\.m2\repository\org\hamcrest\hamcrest-library\2.2\hamcrest-library-2.2.jar;C:\Users\Deep &apos;Nath&apos; Bagchi\.m2\repository\org\hamcrest\hamcrest-core\2.2\hamcrest-core-2.2.jar;C:\Users\Deep &apos;Nath&apos; Bagchi\.m2\repository\io\rest-assured\json-path\4.1.0\json-path-4.1.0.jar;C:\Users\Deep &apos;Nath&apos; Bagchi\.m2\repository\org\codehaus\groovy\groovy-json\2.5.6\groovy-json-2.5.6.jar;C:\Users\Deep &apos;Nath&apos; Bagchi\.m2\repository\org\codehaus\groovy\groovy\2.5.6\groovy-2.5.6.jar;C:\Users\Deep &apos;Nath&apos; Bagchi\.m2\repository\io\rest-assured\rest-assured-common\4.1.0\rest-assured-common-4.1.0.jar;C:\Users\Deep &apos;Nath&apos; Bagchi\.m2\repository\org\apache\commons\commons-lang3\3.4\commons-lang3-3.4.jar;C:\Users\Deep &apos;Nath&apos; Bagchi\.m2\repository\com\google\code\gson\gson\2.8.6\gson-2.8.6.jar;C:\Users\Deep &apos;Nath&apos; Bagchi\.m2\repository\org\json\json\20190722\json-20190722.jar;C:\Users\Deep &apos;Nath&apos; Bagchi\.m2\repository\commons-io\commons-io\1.3.2\commons-io-1.3.2.jar;C:\Users\Deep &apos;Nath&apos; Bagchi\.m2\repository\com\googlecode\json-simple\json-simple\1.1.1\json-simple-1.1.1.jar;C:\Users\Deep &apos;Nath&apos; Bagchi\.m2\repository\junit\junit\4.10\junit-4.10.jar;C:\Users\Deep &apos;Nath&apos; Bagchi\.m2\repository\io\rest-assured\json-schema-validator\5.5.0\json-schema-validator-5.5.0.jar;C:\Users\Deep &apos;Nath&apos; Bagchi\.m2\repository\com\github\java-json-tools\json-schema-validator\2.2.14\json-schema-validator-2.2.14.jar;C:\Users\Deep &apos;Nath&apos; Bagchi\.m2\repository\com\github\java-json-tools\jackson-coreutils-equivalence\1.0\jackson-coreutils-equivalence-1.0.jar;C:\Users\Deep &apos;Nath&apos; Bagchi\.m2\repository\com\github\java-json-tools\jackson-coreutils\2.0\jackson-coreutils-2.0.jar;C:\Users\Deep &apos;Nath&apos; Bagchi\.m2\repository\com\github\java-json-tools\msg-simple\1.2\msg-simple-1.2.jar;C:\Users\Deep &apos;Nath&apos; Bagchi\.m2\repository\com\github\java-json-tools\btf\1.3\btf-1.3.jar;C:\Users\Deep &apos;Nath&apos; Bagchi\.m2\repository\com\github\java-json-tools\json-schema-core\1.2.14\json-schema-core-1.2.14.jar;C:\Users\Deep &apos;Nath&apos; Bagchi\.m2\repository\com\github\java-json-tools\uri-template\0.10\uri-template-0.10.jar;C:\Users\Deep &apos;Nath&apos; Bagchi\.m2\repository\org\mozilla\rhino\1.7.7.2\rhino-1.7.7.2.jar;C:\Users\Deep &apos;Nath&apos; Bagchi\.m2\repository\com\sun\mail\mailapi\1.6.2\mailapi-1.6.2.jar;C:\Users\Deep &apos;Nath&apos; Bagchi\.m2\repository\joda-time\joda-time\2.10.5\joda-time-2.10.5.jar;C:\Users\Deep &apos;Nath&apos; Bagchi\.m2\repository\com\googlecode\libphonenumber\libphonenumber\8.11.1\libphonenumber-8.11.1.jar;C:\Users\Deep &apos;Nath&apos; Bagchi\.m2\repository\com\google\code\findbugs\jsr305\3.0.2\jsr305-3.0.2.jar;C:\Users\Deep &apos;Nath&apos; Bagchi\.m2\repository\net\sf\jopt-simple\jopt-simple\5.0.4\jopt-simple-5.0.4.jar;C:\Users\Deep &apos;Nath&apos; Bagchi\.m2\repository\com\google\guava\guava\33.2.1-jre\guava-33.2.1-jre.jar;C:\Users\Deep &apos;Nath&apos; Bagchi\.m2\repository\com\google\guava\failureaccess\1.0.2\failureaccess-1.0.2.jar;C:\Users\Deep &apos;Nath&apos; Bagchi\.m2\repository\com\google\guava\listenablefuture\9999.0-empty-to-avoid-conflict-with-guava\listenablefuture-9999.0-empty-to-avoid-conflict-with-guava.jar;C:\Users\Deep &apos;Nath&apos; Bagchi\.m2\repository\org\checkerframework\checker-qual\3.42.0\checker-qual-3.42.0.jar;C:\Users\Deep &apos;Nath&apos; Bagchi\.m2\repository\com\google\errorprone\error_prone_annotations\2.26.1\error_prone_annotations-2.26.1.jar;C:\Users\Deep &apos;Nath&apos; Bagchi\.m2\repository\com\google\j2objc\j2objc-annotations\3.0.0\j2objc-annotations-3.0.0.jar;C:\Users\Deep &apos;Nath&apos; Bagchi\.m2\repository\org\hamcrest\hamcrest\2.2\hamcrest-2.2.jar;C:\Users\Deep &apos;Nath&apos; Bagchi\.m2\repository\io\rest-assured\rest-assured\5.5.0\rest-assured-5.5.0.jar;C:\Users\Deep &apos;Nath&apos; Bagchi\.m2\repository\org\apache\groovy\groovy\4.0.22\groovy-4.0.22.jar;C:\Users\Deep &apos;Nath&apos; Bagchi\.m2\repository\org\apache\groovy\groovy-xml\4.0.22\groovy-xml-4.0.22.jar;C:\Users\Deep &apos;Nath&apos; Bagchi\.m2\repository\org\apache\httpcomponents\httpclient\4.5.13\httpclient-4.5.13.jar;C:\Users\Deep &apos;Nath&apos; Bagchi\.m2\repository\org\apache\httpcomponents\httpcore\4.4.13\httpcore-4.4.13.jar;C:\Users\Deep &apos;Nath&apos; Bagchi\.m2\repository\commons-logging\commons-logging\1.2\commons-logging-1.2.jar;C:\Users\Deep &apos;Nath&apos; Bagchi\.m2\repository\org\apache\httpcomponents\httpmime\4.5.13\httpmime-4.5.13.jar;C:\Users\Deep &apos;Nath&apos; Bagchi\.m2\repository\org\ccil\cowan\tagsoup\tagsoup\1.2.1\tagsoup-1.2.1.jar;C:\Users\Deep &apos;Nath&apos; Bagchi\.m2\repository\io\rest-assured\xml-path\5.5.0\xml-path-5.5.0.jar;C:\Users\Deep &apos;Nath&apos; Bagchi\.m2\repository\org\everit\json\org.everit.json.schema\1.5.1\org.everit.json.schema-1.5.1.jar;C:\Users\Deep &apos;Nath&apos; Bagchi\.m2\repository\commons-validator\commons-validator\1.5.1\commons-validator-1.5.1.jar;C:\Users\Deep &apos;Nath&apos; Bagchi\.m2\repository\commons-beanutils\commons-beanutils\1.9.2\commons-beanutils-1.9.2.jar;C:\Users\Deep &apos;Nath&apos; Bagchi\.m2\repository\commons-digester\commons-digester\1.8.1\commons-digester-1.8.1.jar;C:\Users\Deep &apos;Nath&apos; Bagchi\.m2\repository\commons-collections\commons-collections\3.2.2\commons-collections-3.2.2.jar;C:\Users\Deep &apos;Nath&apos; Bagchi\.m2\repository\com\aventstack\extentreports\5.0.8\extentreports-5.0.8.jar;C:\Users\Deep &apos;Nath&apos; Bagchi\.m2\repository\io\reactivex\rxjava3\rxjava\3.0.4\rxjava-3.0.4.jar;C:\Users\Deep &apos;Nath&apos; Bagchi\.m2\repository\org\reactivestreams\reactive-streams\1.0.3\reactive-streams-1.0.3.jar;C:\Users\Deep &apos;Nath&apos; Bagchi\.m2\repository\org\freemarker\freemarker\2.3.30\freemarker-2.3.30.jar;C:\Users\Deep &apos;Nath&apos; Bagchi\.m2\repository\com\relevantcodes\extentreports\2.41.2\extentreports-2.41.2.jar;C:\Users\Deep &apos;Nath&apos; Bagchi\.m2\repository\org\jsoup\jsoup\1.8.3\jsoup-1.8.3.jar;C:\Users\Deep &apos;Nath&apos; Bagchi\.m2\repository\org\xerial\sqlite-jdbc\3.8.11.1\sqlite-jdbc-3.8.11.1.jar;C:\Users\Deep &apos;Nath&apos; Bagchi\.m2\repository\org\mongodb\mongodb-driver\3.0.4\mongodb-driver-3.0.4.jar;C:\Users\Deep &apos;Nath&apos; Bagchi\.m2\repository\org\mongodb\bson\3.0.4\bson-3.0.4.jar;C:\Users\Deep &apos;Nath&apos; Bagchi\.m2\repository\org\mongodb\mongodb-driver-core\3.0.4\mongodb-driver-core-3.0.4.jar;C:\Users\Deep &apos;Nath&apos; Bagchi\.m2\repository\io\qameta\allure\allure-testng\2.12.1\allure-testng-2.12.1.jar;C:\Users\Deep &apos;Nath&apos; Bagchi\.m2\repository\io\qameta\allure\allure-java-commons\2.12.1\allure-java-commons-2.12.1.jar;C:\Users\Deep &apos;Nath&apos; Bagchi\.m2\repository\io\qameta\allure\allure-model\2.12.1\allure-model-2.12.1.jar;C:\Users\Deep &apos;Nath&apos; Bagchi\.m2\repository\org\slf4j\slf4j-api\1.7.25\slf4j-api-1.7.25.jar;C:\Users\Deep &apos;Nath&apos; Bagchi\.m2\repository\org\apache\tika\tika-core\1.20\tika-core-1.20.jar;C:\Users\Deep &apos;Nath&apos; Bagchi\.m2\repository\org\jooq\joor-java-8\0.9.10\joor-java-8-0.9.10.jar;C:\Users\Deep &apos;Nath&apos; Bagchi\.m2\repository\org\apache\poi\poi\4.1.2\poi-4.1.2.jar;C:\Users\Deep &apos;Nath&apos; Bagchi\.m2\repository\commons-codec\commons-codec\1.13\commons-codec-1.13.jar;C:\Users\Deep &apos;Nath&apos; Bagchi\.m2\repository\org\apache\commons\commons-collections4\4.4\commons-collections4-4.4.jar;C:\Users\Deep &apos;Nath&apos; Bagchi\.m2\repository\org\apache\commons\commons-math3\3.6.1\commons-math3-3.6.1.jar;C:\Users\Deep &apos;Nath&apos; Bagchi\.m2\repository\com\zaxxer\SparseBitSet\1.2\SparseBitSet-1.2.jar;C:\Users\Deep &apos;Nath&apos; Bagchi\.m2\repository\org\apache\poi\poi-ooxml\4.1.2\poi-ooxml-4.1.2.jar;C:\Users\Deep &apos;Nath&apos; Bagchi\.m2\repository\org\apache\poi\poi-ooxml-schemas\4.1.2\poi-ooxml-schemas-4.1.2.jar;C:\Users\Deep &apos;Nath&apos; Bagchi\.m2\repository\org\apache\xmlbeans\xmlbeans\3.1.0\xmlbeans-3.1.0.jar;C:\Users\Deep &apos;Nath&apos; Bagchi\.m2\repository\org\apache\commons\commons-compress\1.19\commons-compress-1.19.jar;C:\Users\Deep &apos;Nath&apos; Bagchi\.m2\repository\com\github\virtuald\curvesapi\1.06\curvesapi-1.06.jar;C:\Users\Deep &apos;Nath&apos; Bagchi\.m2\repository\io\cucumber\cucumber-java\6.9.0\cucumber-java-6.9.0.jar;C:\Users\Deep &apos;Nath&apos; Bagchi\.m2\repository\io\cucumber\cucumber-core\6.9.0\cucumber-core-6.9.0.jar;C:\Users\Deep &apos;Nath&apos; Bagchi\.m2\repository\io\cucumber\cucumber-gherkin\6.9.0\cucumber-gherkin-6.9.0.jar;C:\Users\Deep &apos;Nath&apos; Bagchi\.m2\repository\io\cucumber\cucumber-gherkin-messages\6.9.0\cucumber-gherkin-messages-6.9.0.jar;C:\Users\Deep &apos;Nath&apos; Bagchi\.m2\repository\io\cucumber\messages\13.2.0\messages-13.2.0.jar;C:\Users\Deep &apos;Nath&apos; Bagchi\.m2\repository\io\cucumber\tag-expressions\3.0.0\tag-expressions-3.0.0.jar;C:\Users\Deep &apos;Nath&apos; Bagchi\.m2\repository\io\cucumber\cucumber-expressions\10.3.0\cucumber-expressions-10.3.0.jar;C:\Users\Deep &apos;Nath&apos; Bagchi\.m2\repository\io\cucumber\datatable\3.5.0\datatable-3.5.0.jar;C:\Users\Deep &apos;Nath&apos; Bagchi\.m2\repository\io\cucumber\cucumber-plugin\6.9.0\cucumber-plugin-6.9.0.jar;C:\Users\Deep &apos;Nath&apos; Bagchi\.m2\repository\io\cucumber\docstring\6.9.0\docstring-6.9.0.jar;C:\Users\Deep &apos;Nath&apos; Bagchi\.m2\repository\io\cucumber\html-formatter\9.0.0\html-formatter-9.0.0.jar;C:\Users\Deep &apos;Nath&apos; Bagchi\.m2\repository\io\cucumber\create-meta\2.0.4\create-meta-2.0.4.jar;C:\Users\Deep &apos;Nath&apos; Bagchi\.m2\repository\org\apiguardian\apiguardian-api\1.1.0\apiguardian-api-1.1.0.jar;C:\Users\Deep &apos;Nath&apos; Bagchi\.m2\repository\io\cucumber\cucumber-junit\6.9.0\cucumber-junit-6.9.0.jar;C:\Users\Deep &apos;Nath&apos; Bagchi\.m2\repository\tech\grasshopper\extentreports-cucumber6-adapter\2.8.0\extentreports-cucumber6-adapter-2.8.0.jar;C:\Users\Deep &apos;Nath&apos; Bagchi\.m2\repository\tech\grasshopper\extent-pdf-report\1.7.0\extent-pdf-report-1.7.0.jar;C:\Users\Deep &apos;Nath&apos; Bagchi\.m2\repository\tech\grasshopper\cucumber-pdf-report\2.2.0\cucumber-pdf-report-2.2.0.jar;C:\Users\Deep &apos;Nath&apos; Bagchi\.m2\repository\org\apache\pdfbox\pdfbox\2.0.22\pdfbox-2.0.22.jar;C:\Users\Deep &apos;Nath&apos; Bagchi\.m2\repository\org\apache\pdfbox\fontbox\2.0.22\fontbox-2.0.22.jar;C:\Users\Deep &apos;Nath&apos; Bagchi\.m2\repository\org\knowm\xchart\xchart\3.8.0\xchart-3.8.0.jar;C:\Users\Deep &apos;Nath&apos; Bagchi\.m2\repository\de\erichseifert\vectorgraphics2d\VectorGraphics2D\0.13\VectorGraphics2D-0.13.jar;C:\Users\Deep &apos;Nath&apos; Bagchi\.m2\repository\de\rototor\pdfbox\graphics2d\0.30\graphics2d-0.30.jar;C:\Users\Deep &apos;Nath&apos; Bagchi\.m2\repository\com\madgag\animated-gif-lib\1.4\animated-gif-lib-1.4.jar;C:\Users\Deep &apos;Nath&apos; Bagchi\.m2\repository\org\yaml\snakeyaml\1.28\snakeyaml-1.28.jar;C:\Users\Deep &apos;Nath&apos; Bagchi\.m2\repository\tech\grasshopper\table-layout\1.2.0\table-layout-1.2.0.jar;C:\Users\Deep &apos;Nath&apos; Bagchi\.m2\repository\com\aventstack\klov-reporter\5.0.6\klov-reporter-5.0.6.jar;C:\Users\Deep &apos;Nath&apos; Bagchi\.m2\repository\io\cucumber\cucumber-testng\6.9.0\cucumber-testng-6.9.0.jar;"/>
    <property name="java.vm.vendor" value="Oracle Corporation"/>
    <property name="sun.arch.data.model" value="64"/>
    <property name="user.variant" value=""/>
    <property name="java.vendor.url" value="https://java.oracle.com/"/>
    <property name="user.timezone" value="Asia/Calcutta"/>
    <property name="os.name" value="Windows 10"/>
    <property name="java.vm.specification.version" value="22"/>
    <property name="sun.java.launcher" value="SUN_STANDARD"/>
    <property name="user.country" value="IN"/>
    <property name="sun.boot.library.path" value="C:\Program Files\Java\jdk-22\bin"/>
    <property name="sun.java.command" value="C:\Users\Deep &apos;Nath&apos; Bagchi\AppData\Local\Temp\surefire861457924371944807\surefirebooter-20240830094532093_3.jar C:\Users\Deep &apos;Nath&apos; Bagchi\AppData\Local\Temp\surefire861457924371944807 2024-08-30T09-45-31_694-jvmRun1 surefire-20240830094532093_1tmp surefire_0-20240830094532093_2tmp"/>
    <property name="jdk.debug" value="release"/>
    <property name="surefire.test.class.path" value="G:\Eclipse_Workspace\Branch\Playwright-Java-API-Testing-main\target\test-classes;G:\Eclipse_Workspace\Branch\Playwright-Java-API-Testing-main\target\classes;C:\Users\Deep &apos;Nath&apos; Bagchi\.m2\repository\com\microsoft\playwright\playwright\1.32.0\playwright-1.32.0.jar;C:\Users\Deep &apos;Nath&apos; Bagchi\.m2\repository\org\opentest4j\opentest4j\1.2.0\opentest4j-1.2.0.jar;C:\Users\Deep &apos;Nath&apos; Bagchi\.m2\repository\com\microsoft\playwright\driver\1.32.0\driver-1.32.0.jar;C:\Users\Deep &apos;Nath&apos; Bagchi\.m2\repository\com\microsoft\playwright\driver-bundle\1.32.0\driver-bundle-1.32.0.jar;C:\Users\Deep &apos;Nath&apos; Bagchi\.m2\repository\org\testng\testng\7.0.0\testng-7.0.0.jar;C:\Users\Deep &apos;Nath&apos; Bagchi\.m2\repository\com\beust\jcommander\1.72\jcommander-1.72.jar;C:\Users\Deep &apos;Nath&apos; Bagchi\.m2\repository\com\fasterxml\jackson\core\jackson-databind\2.14.2\jackson-databind-2.14.2.jar;C:\Users\Deep &apos;Nath&apos; Bagchi\.m2\repository\com\fasterxml\jackson\core\jackson-annotations\2.14.2\jackson-annotations-2.14.2.jar;C:\Users\Deep &apos;Nath&apos; Bagchi\.m2\repository\com\fasterxml\jackson\core\jackson-core\2.14.2\jackson-core-2.14.2.jar;C:\Users\Deep &apos;Nath&apos; Bagchi\.m2\repository\org\projectlombok\lombok\1.18.26\lombok-1.18.26.jar;C:\Users\Deep &apos;Nath&apos; Bagchi\.m2\repository\org\hamcrest\hamcrest-library\2.2\hamcrest-library-2.2.jar;C:\Users\Deep &apos;Nath&apos; Bagchi\.m2\repository\org\hamcrest\hamcrest-core\2.2\hamcrest-core-2.2.jar;C:\Users\Deep &apos;Nath&apos; Bagchi\.m2\repository\io\rest-assured\json-path\4.1.0\json-path-4.1.0.jar;C:\Users\Deep &apos;Nath&apos; Bagchi\.m2\repository\org\codehaus\groovy\groovy-json\2.5.6\groovy-json-2.5.6.jar;C:\Users\Deep &apos;Nath&apos; Bagchi\.m2\repository\org\codehaus\groovy\groovy\2.5.6\groovy-2.5.6.jar;C:\Users\Deep &apos;Nath&apos; Bagchi\.m2\repository\io\rest-assured\rest-assured-common\4.1.0\rest-assured-common-4.1.0.jar;C:\Users\Deep &apos;Nath&apos; Bagchi\.m2\repository\org\apache\commons\commons-lang3\3.4\commons-lang3-3.4.jar;C:\Users\Deep &apos;Nath&apos; Bagchi\.m2\repository\com\google\code\gson\gson\2.8.6\gson-2.8.6.jar;C:\Users\Deep &apos;Nath&apos; Bagchi\.m2\repository\org\json\json\20190722\json-20190722.jar;C:\Users\Deep &apos;Nath&apos; Bagchi\.m2\repository\commons-io\commons-io\1.3.2\commons-io-1.3.2.jar;C:\Users\Deep &apos;Nath&apos; Bagchi\.m2\repository\com\googlecode\json-simple\json-simple\1.1.1\json-simple-1.1.1.jar;C:\Users\Deep &apos;Nath&apos; Bagchi\.m2\repository\junit\junit\4.10\junit-4.10.jar;C:\Users\Deep &apos;Nath&apos; Bagchi\.m2\repository\io\rest-assured\json-schema-validator\5.5.0\json-schema-validator-5.5.0.jar;C:\Users\Deep &apos;Nath&apos; Bagchi\.m2\repository\com\github\java-json-tools\json-schema-validator\2.2.14\json-schema-validator-2.2.14.jar;C:\Users\Deep &apos;Nath&apos; Bagchi\.m2\repository\com\github\java-json-tools\jackson-coreutils-equivalence\1.0\jackson-coreutils-equivalence-1.0.jar;C:\Users\Deep &apos;Nath&apos; Bagchi\.m2\repository\com\github\java-json-tools\jackson-coreutils\2.0\jackson-coreutils-2.0.jar;C:\Users\Deep &apos;Nath&apos; Bagchi\.m2\repository\com\github\java-json-tools\msg-simple\1.2\msg-simple-1.2.jar;C:\Users\Deep &apos;Nath&apos; Bagchi\.m2\repository\com\github\java-json-tools\btf\1.3\btf-1.3.jar;C:\Users\Deep &apos;Nath&apos; Bagchi\.m2\repository\com\github\java-json-tools\json-schema-core\1.2.14\json-schema-core-1.2.14.jar;C:\Users\Deep &apos;Nath&apos; Bagchi\.m2\repository\com\github\java-json-tools\uri-template\0.10\uri-template-0.10.jar;C:\Users\Deep &apos;Nath&apos; Bagchi\.m2\repository\org\mozilla\rhino\1.7.7.2\rhino-1.7.7.2.jar;C:\Users\Deep &apos;Nath&apos; Bagchi\.m2\repository\com\sun\mail\mailapi\1.6.2\mailapi-1.6.2.jar;C:\Users\Deep &apos;Nath&apos; Bagchi\.m2\repository\joda-time\joda-time\2.10.5\joda-time-2.10.5.jar;C:\Users\Deep &apos;Nath&apos; Bagchi\.m2\repository\com\googlecode\libphonenumber\libphonenumber\8.11.1\libphonenumber-8.11.1.jar;C:\Users\Deep &apos;Nath&apos; Bagchi\.m2\repository\com\google\code\findbugs\jsr305\3.0.2\jsr305-3.0.2.jar;C:\Users\Deep &apos;Nath&apos; Bagchi\.m2\repository\net\sf\jopt-simple\jopt-simple\5.0.4\jopt-simple-5.0.4.jar;C:\Users\Deep &apos;Nath&apos; Bagchi\.m2\repository\com\google\guava\guava\33.2.1-jre\guava-33.2.1-jre.jar;C:\Users\Deep &apos;Nath&apos; Bagchi\.m2\repository\com\google\guava\failureaccess\1.0.2\failureaccess-1.0.2.jar;C:\Users\Deep &apos;Nath&apos; Bagchi\.m2\repository\com\google\guava\listenablefuture\9999.0-empty-to-avoid-conflict-with-guava\listenablefuture-9999.0-empty-to-avoid-conflict-with-guava.jar;C:\Users\Deep &apos;Nath&apos; Bagchi\.m2\repository\org\checkerframework\checker-qual\3.42.0\checker-qual-3.42.0.jar;C:\Users\Deep &apos;Nath&apos; Bagchi\.m2\repository\com\google\errorprone\error_prone_annotations\2.26.1\error_prone_annotations-2.26.1.jar;C:\Users\Deep &apos;Nath&apos; Bagchi\.m2\repository\com\google\j2objc\j2objc-annotations\3.0.0\j2objc-annotations-3.0.0.jar;C:\Users\Deep &apos;Nath&apos; Bagchi\.m2\repository\org\hamcrest\hamcrest\2.2\hamcrest-2.2.jar;C:\Users\Deep &apos;Nath&apos; Bagchi\.m2\repository\io\rest-assured\rest-assured\5.5.0\rest-assured-5.5.0.jar;C:\Users\Deep &apos;Nath&apos; Bagchi\.m2\repository\org\apache\groovy\groovy\4.0.22\groovy-4.0.22.jar;C:\Users\Deep &apos;Nath&apos; Bagchi\.m2\repository\org\apache\groovy\groovy-xml\4.0.22\groovy-xml-4.0.22.jar;C:\Users\Deep &apos;Nath&apos; Bagchi\.m2\repository\org\apache\httpcomponents\httpclient\4.5.13\httpclient-4.5.13.jar;C:\Users\Deep &apos;Nath&apos; Bagchi\.m2\repository\org\apache\httpcomponents\httpcore\4.4.13\httpcore-4.4.13.jar;C:\Users\Deep &apos;Nath&apos; Bagchi\.m2\repository\commons-logging\commons-logging\1.2\commons-logging-1.2.jar;C:\Users\Deep &apos;Nath&apos; Bagchi\.m2\repository\org\apache\httpcomponents\httpmime\4.5.13\httpmime-4.5.13.jar;C:\Users\Deep &apos;Nath&apos; Bagchi\.m2\repository\org\ccil\cowan\tagsoup\tagsoup\1.2.1\tagsoup-1.2.1.jar;C:\Users\Deep &apos;Nath&apos; Bagchi\.m2\repository\io\rest-assured\xml-path\5.5.0\xml-path-5.5.0.jar;C:\Users\Deep &apos;Nath&apos; Bagchi\.m2\repository\org\everit\json\org.everit.json.schema\1.5.1\org.everit.json.schema-1.5.1.jar;C:\Users\Deep &apos;Nath&apos; Bagchi\.m2\repository\commons-validator\commons-validator\1.5.1\commons-validator-1.5.1.jar;C:\Users\Deep &apos;Nath&apos; Bagchi\.m2\repository\commons-beanutils\commons-beanutils\1.9.2\commons-beanutils-1.9.2.jar;C:\Users\Deep &apos;Nath&apos; Bagchi\.m2\repository\commons-digester\commons-digester\1.8.1\commons-digester-1.8.1.jar;C:\Users\Deep &apos;Nath&apos; Bagchi\.m2\repository\commons-collections\commons-collections\3.2.2\commons-collections-3.2.2.jar;C:\Users\Deep &apos;Nath&apos; Bagchi\.m2\repository\com\aventstack\extentreports\5.0.8\extentreports-5.0.8.jar;C:\Users\Deep &apos;Nath&apos; Bagchi\.m2\repository\io\reactivex\rxjava3\rxjava\3.0.4\rxjava-3.0.4.jar;C:\Users\Deep &apos;Nath&apos; Bagchi\.m2\repository\org\reactivestreams\reactive-streams\1.0.3\reactive-streams-1.0.3.jar;C:\Users\Deep &apos;Nath&apos; Bagchi\.m2\repository\org\freemarker\freemarker\2.3.30\freemarker-2.3.30.jar;C:\Users\Deep &apos;Nath&apos; Bagchi\.m2\repository\com\relevantcodes\extentreports\2.41.2\extentreports-2.41.2.jar;C:\Users\Deep &apos;Nath&apos; Bagchi\.m2\repository\org\jsoup\jsoup\1.8.3\jsoup-1.8.3.jar;C:\Users\Deep &apos;Nath&apos; Bagchi\.m2\repository\org\xerial\sqlite-jdbc\3.8.11.1\sqlite-jdbc-3.8.11.1.jar;C:\Users\Deep &apos;Nath&apos; Bagchi\.m2\repository\org\mongodb\mongodb-driver\3.0.4\mongodb-driver-3.0.4.jar;C:\Users\Deep &apos;Nath&apos; Bagchi\.m2\repository\org\mongodb\bson\3.0.4\bson-3.0.4.jar;C:\Users\Deep &apos;Nath&apos; Bagchi\.m2\repository\org\mongodb\mongodb-driver-core\3.0.4\mongodb-driver-core-3.0.4.jar;C:\Users\Deep &apos;Nath&apos; Bagchi\.m2\repository\io\qameta\allure\allure-testng\2.12.1\allure-testng-2.12.1.jar;C:\Users\Deep &apos;Nath&apos; Bagchi\.m2\repository\io\qameta\allure\allure-java-commons\2.12.1\allure-java-commons-2.12.1.jar;C:\Users\Deep &apos;Nath&apos; Bagchi\.m2\repository\io\qameta\allure\allure-model\2.12.1\allure-model-2.12.1.jar;C:\Users\Deep &apos;Nath&apos; Bagchi\.m2\repository\org\slf4j\slf4j-api\1.7.25\slf4j-api-1.7.25.jar;C:\Users\Deep &apos;Nath&apos; Bagchi\.m2\repository\org\apache\tika\tika-core\1.20\tika-core-1.20.jar;C:\Users\Deep &apos;Nath&apos; Bagchi\.m2\repository\org\jooq\joor-java-8\0.9.10\joor-java-8-0.9.10.jar;C:\Users\Deep &apos;Nath&apos; Bagchi\.m2\repository\org\apache\poi\poi\4.1.2\poi-4.1.2.jar;C:\Users\Deep &apos;Nath&apos; Bagchi\.m2\repository\commons-codec\commons-codec\1.13\commons-codec-1.13.jar;C:\Users\Deep &apos;Nath&apos; Bagchi\.m2\repository\org\apache\commons\commons-collections4\4.4\commons-collections4-4.4.jar;C:\Users\Deep &apos;Nath&apos; Bagchi\.m2\repository\org\apache\commons\commons-math3\3.6.1\commons-math3-3.6.1.jar;C:\Users\Deep &apos;Nath&apos; Bagchi\.m2\repository\com\zaxxer\SparseBitSet\1.2\SparseBitSet-1.2.jar;C:\Users\Deep &apos;Nath&apos; Bagchi\.m2\repository\org\apache\poi\poi-ooxml\4.1.2\poi-ooxml-4.1.2.jar;C:\Users\Deep &apos;Nath&apos; Bagchi\.m2\repository\org\apache\poi\poi-ooxml-schemas\4.1.2\poi-ooxml-schemas-4.1.2.jar;C:\Users\Deep &apos;Nath&apos; Bagchi\.m2\repository\org\apache\xmlbeans\xmlbeans\3.1.0\xmlbeans-3.1.0.jar;C:\Users\Deep &apos;Nath&apos; Bagchi\.m2\repository\org\apache\commons\commons-compress\1.19\commons-compress-1.19.jar;C:\Users\Deep &apos;Nath&apos; Bagchi\.m2\repository\com\github\virtuald\curvesapi\1.06\curvesapi-1.06.jar;C:\Users\Deep &apos;Nath&apos; Bagchi\.m2\repository\io\cucumber\cucumber-java\6.9.0\cucumber-java-6.9.0.jar;C:\Users\Deep &apos;Nath&apos; Bagchi\.m2\repository\io\cucumber\cucumber-core\6.9.0\cucumber-core-6.9.0.jar;C:\Users\Deep &apos;Nath&apos; Bagchi\.m2\repository\io\cucumber\cucumber-gherkin\6.9.0\cucumber-gherkin-6.9.0.jar;C:\Users\Deep &apos;Nath&apos; Bagchi\.m2\repository\io\cucumber\cucumber-gherkin-messages\6.9.0\cucumber-gherkin-messages-6.9.0.jar;C:\Users\Deep &apos;Nath&apos; Bagchi\.m2\repository\io\cucumber\messages\13.2.0\messages-13.2.0.jar;C:\Users\Deep &apos;Nath&apos; Bagchi\.m2\repository\io\cucumber\tag-expressions\3.0.0\tag-expressions-3.0.0.jar;C:\Users\Deep &apos;Nath&apos; Bagchi\.m2\repository\io\cucumber\cucumber-expressions\10.3.0\cucumber-expressions-10.3.0.jar;C:\Users\Deep &apos;Nath&apos; Bagchi\.m2\repository\io\cucumber\datatable\3.5.0\datatable-3.5.0.jar;C:\Users\Deep &apos;Nath&apos; Bagchi\.m2\repository\io\cucumber\cucumber-plugin\6.9.0\cucumber-plugin-6.9.0.jar;C:\Users\Deep &apos;Nath&apos; Bagchi\.m2\repository\io\cucumber\docstring\6.9.0\docstring-6.9.0.jar;C:\Users\Deep &apos;Nath&apos; Bagchi\.m2\repository\io\cucumber\html-formatter\9.0.0\html-formatter-9.0.0.jar;C:\Users\Deep &apos;Nath&apos; Bagchi\.m2\repository\io\cucumber\create-meta\2.0.4\create-meta-2.0.4.jar;C:\Users\Deep &apos;Nath&apos; Bagchi\.m2\repository\org\apiguardian\apiguardian-api\1.1.0\apiguardian-api-1.1.0.jar;C:\Users\Deep &apos;Nath&apos; Bagchi\.m2\repository\io\cucumber\cucumber-junit\6.9.0\cucumber-junit-6.9.0.jar;C:\Users\Deep &apos;Nath&apos; Bagchi\.m2\repository\tech\grasshopper\extentreports-cucumber6-adapter\2.8.0\extentreports-cucumber6-adapter-2.8.0.jar;C:\Users\Deep &apos;Nath&apos; Bagchi\.m2\repository\tech\grasshopper\extent-pdf-report\1.7.0\extent-pdf-report-1.7.0.jar;C:\Users\Deep &apos;Nath&apos; Bagchi\.m2\repository\tech\grasshopper\cucumber-pdf-report\2.2.0\cucumber-pdf-report-2.2.0.jar;C:\Users\Deep &apos;Nath&apos; Bagchi\.m2\repository\org\apache\pdfbox\pdfbox\2.0.22\pdfbox-2.0.22.jar;C:\Users\Deep &apos;Nath&apos; Bagchi\.m2\repository\org\apache\pdfbox\fontbox\2.0.22\fontbox-2.0.22.jar;C:\Users\Deep &apos;Nath&apos; Bagchi\.m2\repository\org\knowm\xchart\xchart\3.8.0\xchart-3.8.0.jar;C:\Users\Deep &apos;Nath&apos; Bagchi\.m2\repository\de\erichseifert\vectorgraphics2d\VectorGraphics2D\0.13\VectorGraphics2D-0.13.jar;C:\Users\Deep &apos;Nath&apos; Bagchi\.m2\repository\de\rototor\pdfbox\graphics2d\0.30\graphics2d-0.30.jar;C:\Users\Deep &apos;Nath&apos; Bagchi\.m2\repository\com\madgag\animated-gif-lib\1.4\animated-gif-lib-1.4.jar;C:\Users\Deep &apos;Nath&apos; Bagchi\.m2\repository\org\yaml\snakeyaml\1.28\snakeyaml-1.28.jar;C:\Users\Deep &apos;Nath&apos; Bagchi\.m2\repository\tech\grasshopper\table-layout\1.2.0\table-layout-1.2.0.jar;C:\Users\Deep &apos;Nath&apos; Bagchi\.m2\repository\com\aventstack\klov-reporter\5.0.6\klov-reporter-5.0.6.jar;C:\Users\Deep &apos;Nath&apos; Bagchi\.m2\repository\io\cucumber\cucumber-testng\6.9.0\cucumber-testng-6.9.0.jar;"/>
    <property name="sun.cpu.endian" value="little"/>
    <property name="user.home" value="C:\Users\Deep &apos;Nath&apos; Bagchi"/>
    <property name="user.language" value="en"/>
    <property name="java.specification.vendor" value="Oracle Corporation"/>
    <property name="java.version.date" value="2024-07-16"/>
    <property name="java.home" value="C:\Program Files\Java\jdk-22"/>
    <property name="file.separator" value="\"/>
    <property name="basedir" value="G:\Eclipse_Workspace\Branch\Playwright-Java-API-Testing-main"/>
    <property name="java.vm.compressedOopsMode" value="32-bit"/>
    <property name="line.separator" value="&#10;"/>
    <property name="java.vm.specification.vendor" value="Oracle Corporation"/>
    <property name="java.specification.name" value="Java Platform API Specification"/>
    <property name="surefire.real.class.path" value="C:\Users\Deep &apos;Nath&apos; Bagchi\AppData\Local\Temp\surefire861457924371944807\surefirebooter-20240830094532093_3.jar"/>
    <property name="user.script" value=""/>
    <property name="sun.management.compiler" value="HotSpot 64-Bit Tiered Compilers"/>
    <property name="java.runtime.version" value="22.0.2+9-70"/>
    <property name="user.name" value="Deep &apos;Nath&apos; Bagchi"/>
    <property name="stdout.encoding" value="Cp1252"/>
    <property name="path.separator" value=";"/>
    <property name="os.version" value="10.0"/>
    <property name="java.runtime.name" value="Java(TM) SE Runtime Environment"/>
    <property name="file.encoding" value="UTF-8"/>
    <property name="java.vm.name" value="Java HotSpot(TM) 64-Bit Server VM"/>
    <property name="localRepository" value="C:\Users\Deep &apos;Nath&apos; Bagchi\.m2\repository"/>
    <property name="java.vendor.url.bug" value="https://bugreport.java.com/bugreport/"/>
    <property name="java.io.tmpdir" value="C:\Users\DEEP&apos;N~1\AppData\Local\Temp\"/>
    <property name="java.version" value="22.0.2"/>
    <property name="user.dir" value="G:\Eclipse_Workspace\Branch\Playwright-Java-API-Testing-main"/>
    <property name="os.arch" value="amd64"/>
    <property name="java.vm.specification.name" value="Java Virtual Machine Specification"/>
    <property name="sun.os.patch.level" value=""/>
    <property name="native.encoding" value="Cp1252"/>
    <property name="java.library.path" value="C:\Program Files\Java\jdk-22\bin;C:\WINDOWS\Sun\Java\bin;C:\WINDOWS\system32;C:\WINDOWS;C:\Program Files\Common Files\Oracle\Java\javapath;C:\Program Files\Python312\Scripts\;C:\Program Files\Python312\;C:\WINDOWS\system32;C:\WINDOWS;C:\WINDOWS\System32\Wbem;C:\WINDOWS\System32\WindowsPowerShell\v1.0\;C:\WINDOWS\System32\OpenSSH\;C:\Program Files\nodejs\;C:\Program Files\Java\jdk-22\bin;C:\Program Files\apache-maven-3.9.8\bin;C:\Program Files\allure-2.30.0\bin;C:\Users\Deep &apos;Nath&apos; Bagchi\AppData\Local\Microsoft\WindowsApps;C:\Users\Deep &apos;Nath&apos; Bagchi\AppData\Local\Programs\Microsoft VS Code\bin;C:\Users\Deep &apos;Nath&apos; Bagchi\AppData\Roaming\npm;C:\Program Files\JetBrains\PyCharm Community Edition 2024.1.6\bin;C:\Program Files\JetBrains\Aqua 2024.2\bin;."/>
    <property name="java.vm.info" value="mixed mode, sharing"/>
    <property name="stderr.encoding" value="Cp1252"/>
    <property name="java.vendor" value="Oracle Corporation"/>
    <property name="java.vm.version" value="22.0.2+9-70"/>
    <property name="sun.io.unicode.encoding" value="UnicodeLittle"/>
    <property name="java.class.version" value="66.0"/>
  </properties>
  <testcase name="getUserAndValidateHeaderApiTest" classname="com.qa.api.tests.GET.GETAPICall" time="1.502">
    <system-out><![CDATA[I am in onStart method Test
I am in onStart method Test
I am in onTestStart method getUserAndValidateHeaderApiTest start
I am in onTestStart method getUserAndValidateHeaderApiTest start
response status code: 200
OK
----print api response with plain text----
{"page":1,"per_page":6,"total":12,"total_pages":2,"data":[{"id":1,"email":"george.bluth@reqres.in","first_name":"George","last_name":"Bluth","avatar":"https://reqres.in/img/faces/1-image.jpg"},{"id":2,"email":"janet.weaver@reqres.in","first_name":"Janet","last_name":"Weaver","avatar":"https://reqres.in/img/faces/2-image.jpg"},{"id":3,"email":"emma.wong@reqres.in","first_name":"Emma","last_name":"Wong","avatar":"https://reqres.in/img/faces/3-image.jpg"},{"id":4,"email":"eve.holt@reqres.in","first_name":"Eve","last_name":"Holt","avatar":"https://reqres.in/img/faces/4-image.jpg"},{"id":5,"email":"charles.morris@reqres.in","first_name":"Charles","last_name":"Morris","avatar":"https://reqres.in/img/faces/5-image.jpg"},{"id":6,"email":"tracey.ramos@reqres.in","first_name":"Tracey","last_name":"Ramos","avatar":"https://reqres.in/img/faces/6-image.jpg"}],"support":{"url":"https://reqres.in/#support-heading","text":"To keep ReqRes free, contributions towards server costs are appreciated!"}}
----print api json response----
{
  "page" : 1,
  "per_page" : 6,
  "total" : 12,
  "total_pages" : 2,
  "data" : [ {
    "id" : 1,
    "email" : "george.bluth@reqres.in",
    "first_name" : "George",
    "last_name" : "Bluth",
    "avatar" : "https://reqres.in/img/faces/1-image.jpg"
  }, {
    "id" : 2,
    "email" : "janet.weaver@reqres.in",
    "first_name" : "Janet",
    "last_name" : "Weaver",
    "avatar" : "https://reqres.in/img/faces/2-image.jpg"
  }, {
    "id" : 3,
    "email" : "emma.wong@reqres.in",
    "first_name" : "Emma",
    "last_name" : "Wong",
    "avatar" : "https://reqres.in/img/faces/3-image.jpg"
  }, {
    "id" : 4,
    "email" : "eve.holt@reqres.in",
    "first_name" : "Eve",
    "last_name" : "Holt",
    "avatar" : "https://reqres.in/img/faces/4-image.jpg"
  }, {
    "id" : 5,
    "email" : "charles.morris@reqres.in",
    "first_name" : "Charles",
    "last_name" : "Morris",
    "avatar" : "https://reqres.in/img/faces/5-image.jpg"
  }, {
    "id" : 6,
    "email" : "tracey.ramos@reqres.in",
    "first_name" : "Tracey",
    "last_name" : "Ramos",
    "avatar" : "https://reqres.in/img/faces/6-image.jpg"
  } ],
  "support" : {
    "url" : "https://reqres.in/#support-heading",
    "text" : "To keep ReqRes free, contributions towards server costs are appreciated!"
  }
}
----print api url----
https://reqres.in/api/users
====================================Response JSON SCHEMA Validation has started!!!================================================
Response JSON SCHEMA Validation was successfull!!!!
=====================================Response JSON SCHEMA Validation has been completed!!!==========================================
----print response headers----
{date=Fri, 30 Aug 2024 04:15:55 GMT, content-type=application/json; charset=utf-8, transfer-encoding=chunked, connection=close, report-to={"group":"heroku-nel","max_age":3600,"endpoints":[{"url":"https://nel.heroku.com/reports?ts=1724661126&sid=c4c9725f-1ab0-44d8-820f-430df2718e11&s=CIJXLP%2F7FJCzxJF5A%2BFfY4euU7qJ0A3j1Z7VygmvTpY%3D"}]}, reporting-endpoints=heroku-nel=https://nel.heroku.com/reports?ts=1724661126&sid=c4c9725f-1ab0-44d8-820f-430df2718e11&s=CIJXLP%2F7FJCzxJF5A%2BFfY4euU7qJ0A3j1Z7VygmvTpY%3D, nel={"report_to":"heroku-nel","max_age":3600,"success_fraction":0.005,"failure_fraction":0.05,"response_headers":["Via"]}, x-powered-by=Express, access-control-allow-origin=*, etag=W/"3e4-2RLXvr5wTg9YQ6aH95CkYoFNuO8", via=1.1 vegur, cache-control=max-age=14400, cf-cache-status=HIT, age=5732, vary=Accept-Encoding, server=cloudflare, cf-ray=8bb1f662cdf2857e-BOM, content-encoding=br}
I am in onTestSuccess method getUserAndValidateHeaderApiTest succeed
]]></system-out>
    <system-err><![CDATA[SLF4J: Failed to load class "org.slf4j.impl.StaticLoggerBinder".
SLF4J: Defaulting to no-operation (NOP) logger implementation
SLF4J: See http://www.slf4j.org/codes.html#StaticLoggerBinder for further details.
]]></system-err>
  </testcase>
  <testcase name="getUserApiTest" classname="com.qa.api.tests.GET.GETAPICall" time="0.172">
    <system-out><![CDATA[I am in onTestSuccess method getUserAndValidateHeaderApiTest succeed
I am in onTestStart method getUserApiTest start
I am in onTestStart method getUserApiTest start
https://reqres.in/api/users
response status code: 200
OK
----print api response with plain text----
{"page":1,"per_page":6,"total":12,"total_pages":2,"data":[{"id":1,"email":"george.bluth@reqres.in","first_name":"George","last_name":"Bluth","avatar":"https://reqres.in/img/faces/1-image.jpg"},{"id":2,"email":"janet.weaver@reqres.in","first_name":"Janet","last_name":"Weaver","avatar":"https://reqres.in/img/faces/2-image.jpg"},{"id":3,"email":"emma.wong@reqres.in","first_name":"Emma","last_name":"Wong","avatar":"https://reqres.in/img/faces/3-image.jpg"},{"id":4,"email":"eve.holt@reqres.in","first_name":"Eve","last_name":"Holt","avatar":"https://reqres.in/img/faces/4-image.jpg"},{"id":5,"email":"charles.morris@reqres.in","first_name":"Charles","last_name":"Morris","avatar":"https://reqres.in/img/faces/5-image.jpg"},{"id":6,"email":"tracey.ramos@reqres.in","first_name":"Tracey","last_name":"Ramos","avatar":"https://reqres.in/img/faces/6-image.jpg"}],"support":{"url":"https://reqres.in/#support-heading","text":"To keep ReqRes free, contributions towards server costs are appreciated!"}}
----print api json response----
{
  "page" : 1,
  "per_page" : 6,
  "total" : 12,
  "total_pages" : 2,
  "data" : [ {
    "id" : 1,
    "email" : "george.bluth@reqres.in",
    "first_name" : "George",
    "last_name" : "Bluth",
    "avatar" : "https://reqres.in/img/faces/1-image.jpg"
  }, {
    "id" : 2,
    "email" : "janet.weaver@reqres.in",
    "first_name" : "Janet",
    "last_name" : "Weaver",
    "avatar" : "https://reqres.in/img/faces/2-image.jpg"
  }, {
    "id" : 3,
    "email" : "emma.wong@reqres.in",
    "first_name" : "Emma",
    "last_name" : "Wong",
    "avatar" : "https://reqres.in/img/faces/3-image.jpg"
  }, {
    "id" : 4,
    "email" : "eve.holt@reqres.in",
    "first_name" : "Eve",
    "last_name" : "Holt",
    "avatar" : "https://reqres.in/img/faces/4-image.jpg"
  }, {
    "id" : 5,
    "email" : "charles.morris@reqres.in",
    "first_name" : "Charles",
    "last_name" : "Morris",
    "avatar" : "https://reqres.in/img/faces/5-image.jpg"
  }, {
    "id" : 6,
    "email" : "tracey.ramos@reqres.in",
    "first_name" : "Tracey",
    "last_name" : "Ramos",
    "avatar" : "https://reqres.in/img/faces/6-image.jpg"
  } ],
  "support" : {
    "url" : "https://reqres.in/#support-heading",
    "text" : "To keep ReqRes free, contributions towards server costs are appreciated!"
  }
}
====================================Response JSON SCHEMA Validation has started!!!================================================
Response JSON SCHEMA Validation was successfull!!!!
=====================================Response JSON SCHEMA Validation has been completed!!!==========================================
I am in onTestSuccess method getUserApiTest succeed
]]></system-out>
  </testcase>
  <testcase name="getHeadersTest" classname="com.qa.api.tests.GET.APIResponseHeadersTest" time="0.287">
    <system-out><![CDATA[I am in onTestSuccess method getUserApiTest succeed
I am in onTestStart method getHeadersTest start
I am in onTestStart method getHeadersTest start
https://reqres.in/api/users
response status code: 200
date:Fri, 30 Aug 2024 04:15:56 GMT
content-type:application/json; charset=utf-8
transfer-encoding:chunked
connection:close
report-to:{"group":"heroku-nel","max_age":3600,"endpoints":[{"url":"https://nel.heroku.com/reports?ts=1724661126&sid=c4c9725f-1ab0-44d8-820f-430df2718e11&s=CIJXLP%2F7FJCzxJF5A%2BFfY4euU7qJ0A3j1Z7VygmvTpY%3D"}]}
reporting-endpoints:heroku-nel=https://nel.heroku.com/reports?ts=1724661126&sid=c4c9725f-1ab0-44d8-820f-430df2718e11&s=CIJXLP%2F7FJCzxJF5A%2BFfY4euU7qJ0A3j1Z7VygmvTpY%3D
nel:{"report_to":"heroku-nel","max_age":3600,"success_fraction":0.005,"failure_fraction":0.05,"response_headers":["Via"]}
x-powered-by:Express
access-control-allow-origin:*
etag:W/"3e4-2RLXvr5wTg9YQ6aH95CkYoFNuO8"
via:1.1 vegur
cache-control:max-age=14400
cf-cache-status:HIT
age:5733
vary:Accept-Encoding
server:cloudflare
cf-ray:8bb1f6687d9c85b7-BOM
content-encoding:br
total response headers: 18
===============================
Date : Fri, 30 Aug 2024 04:15:56 GMT
Content-Type : application/json; charset=utf-8
Transfer-Encoding : chunked
Connection : close
Report-To : {"group":"heroku-nel","max_age":3600,"endpoints":[{"url":"https://nel.heroku.com/reports?ts=1724661126&sid=c4c9725f-1ab0-44d8-820f-430df2718e11&s=CIJXLP%2F7FJCzxJF5A%2BFfY4euU7qJ0A3j1Z7VygmvTpY%3D"}]}
Reporting-Endpoints : heroku-nel=https://nel.heroku.com/reports?ts=1724661126&sid=c4c9725f-1ab0-44d8-820f-430df2718e11&s=CIJXLP%2F7FJCzxJF5A%2BFfY4euU7qJ0A3j1Z7VygmvTpY%3D
Nel : {"report_to":"heroku-nel","max_age":3600,"success_fraction":0.005,"failure_fraction":0.05,"response_headers":["Via"]}
X-Powered-By : Express
Access-Control-Allow-Origin : *
Etag : W/"3e4-2RLXvr5wTg9YQ6aH95CkYoFNuO8"
Via : 1.1 vegur
Cache-Control : max-age=14400
CF-Cache-Status : HIT
Age : 5733
Vary : Accept-Encoding
Server : cloudflare
CF-RAY : 8bb1f6687d9c85b7-BOM
Content-Encoding : br
I am in onTestSuccess method getHeadersTest succeed
]]></system-out>
  </testcase>
  <testcase name="disposeResponseTest" classname="com.qa.api.tests.GET.APIDisposeTest" time="0.361">
    <system-out><![CDATA[I am in onTestSuccess method getHeadersTest succeed
I am in onTestStart method disposeResponseTest start
I am in onTestStart method disposeResponseTest start
https://reqres.in/api/users
response status code: 200
OK
----print api response with plain text----
{"page":1,"per_page":6,"total":12,"total_pages":2,"data":[{"id":1,"email":"george.bluth@reqres.in","first_name":"George","last_name":"Bluth","avatar":"https://reqres.in/img/faces/1-image.jpg"},{"id":2,"email":"janet.weaver@reqres.in","first_name":"Janet","last_name":"Weaver","avatar":"https://reqres.in/img/faces/2-image.jpg"},{"id":3,"email":"emma.wong@reqres.in","first_name":"Emma","last_name":"Wong","avatar":"https://reqres.in/img/faces/3-image.jpg"},{"id":4,"email":"eve.holt@reqres.in","first_name":"Eve","last_name":"Holt","avatar":"https://reqres.in/img/faces/4-image.jpg"},{"id":5,"email":"charles.morris@reqres.in","first_name":"Charles","last_name":"Morris","avatar":"https://reqres.in/img/faces/5-image.jpg"},{"id":6,"email":"tracey.ramos@reqres.in","first_name":"Tracey","last_name":"Ramos","avatar":"https://reqres.in/img/faces/6-image.jpg"}],"support":{"url":"https://reqres.in/#support-heading","text":"To keep ReqRes free, contributions towards server costs are appreciated!"}}
----print api response after dispose with plain text----
api response body is disposed
response status code after dispose: 200
OK
response url:https://reqres.in/api/users
get response body for 2nd request:
status code:200
repose body:{"page":1,"per_page":6,"total":12,"total_pages":2,"data":[{"id":1,"email":"george.bluth@reqres.in","first_name":"George","last_name":"Bluth","avatar":"https://reqres.in/img/faces/1-image.jpg"},{"id":2,"email":"janet.weaver@reqres.in","first_name":"Janet","last_name":"Weaver","avatar":"https://reqres.in/img/faces/2-image.jpg"},{"id":3,"email":"emma.wong@reqres.in","first_name":"Emma","last_name":"Wong","avatar":"https://reqres.in/img/faces/3-image.jpg"},{"id":4,"email":"eve.holt@reqres.in","first_name":"Eve","last_name":"Holt","avatar":"https://reqres.in/img/faces/4-image.jpg"},{"id":5,"email":"charles.morris@reqres.in","first_name":"Charles","last_name":"Morris","avatar":"https://reqres.in/img/faces/5-image.jpg"},{"id":6,"email":"tracey.ramos@reqres.in","first_name":"Tracey","last_name":"Ramos","avatar":"https://reqres.in/img/faces/6-image.jpg"}],"support":{"url":"https://reqres.in/#support-heading","text":"To keep ReqRes free, contributions towards server costs are appreciated!"}}
I am in onTestSuccess method disposeResponseTest succeed
]]></system-out>
  </testcase>
</testsuite>