<?xml version="1.0" encoding="UTF-8"?>
<!-- Generated by org.testng.reporters.JUnitReportReporter -->
<testsuite hostname="DESKTOP-0UQGQ37" failures="0" tests="2" name="com.qa.api.tests.GET.GETAPICall" time="1.636" errors="0" timestamp="2024-08-30T09:46:03 IST" skipped="0">
  <testcase classname="com.qa.api.tests.GET.GETAPICall" name="getUserAndValidateHeaderApiTest" time="1.489"/>
  <testcase classname="com.qa.api.tests.GET.GETAPICall" name="getUserApiTest" time="0.147"/>
</testsuite> <!-- com.qa.api.tests.GET.GETAPICall -->
